<?xml version="1.0" encoding="UTF-8"?>
<!-- Generated by org.testng.reporters.JUnitReportReporter -->
<testsuite hostname="LAPTOP-13072GA2" failures="0" tests="1" name="amazon.testAmazon" time="5.976" errors="0" timestamp="2023-03-27T19:22:31 IST" skipped="0">
  <testcase classname="amazon.testAmazon" name="testMin" time="5.976"/>
  <system-out/>
</testsuite> <!-- amazon.testAmazon -->
