<?xml version="1.0" encoding="UTF-8"?>
<!-- Generated by org.testng.reporters.JUnitReportReporter -->
<testsuite hostname="LAPTOP-13072GA2" failures="0" tests="1" name="amazon.testAmazon" time="8.631" errors="0" timestamp="2023-03-28T10:01:57 IST" skipped="0">
  <testcase classname="amazon.testAmazon" name="testMin" time="8.631"/>
  <system-out/>
</testsuite> <!-- amazon.testAmazon -->
